<?xml version="1.0" encoding="UTF-8"?>
<Site BuildName="(empty)"
	BuildStamp="20240617-0712-Experimental"
	Name="miquel-vivobook"
	Generator="ctest-3.16.3"
	CompilerName="/usr/bin/c++"
	CompilerVersion="9.4.0"
	OSName="Linux"
	Hostname="miquel-vivobook"
	OSRelease="5.15.0-107-generic"
	OSVersion="#117~20.04.1-Ubuntu SMP Tue Apr 30 10:35:57 UTC 2024"
	OSPlatform="x86_64"
	Is64Bits="1"
	VendorString="GenuineIntel"
	VendorID="Intel Corporation"
	FamilyID="6"
	ModelID="140"
	ProcessorCacheSize="12288"
	NumberOfLogicalCPU="8"
	NumberOfPhysicalCPU="4"
	TotalVirtualMemory="2047"
	TotalPhysicalMemory="15682"
	LogicalProcessorsPerPhysical="2"
	ProcessorClockFrequency="4274.35"
	>
	<Testing>
		<StartDateTime>Jun 17 09:12 CEST</StartDateTime>
		<StartTestTime>1718608373</StartTestTime>
		<TestList/>
		<EndDateTime>Jun 17 09:12 CEST</EndDateTime>
		<EndTestTime>1718608373</EndTestTime>
		<ElapsedMinutes>0</ElapsedMinutes>
	</Testing>
</Site>
